Finished kaufland_2025-05-01.csv in 3ms | Valid: 25 | Invalid: 0
--------------------------------------------------
Finished kaufland_2025-05-08.csv in 1ms | Valid: 25 | Invalid: 0
--------------------------------------------------
Finished lidl_2025-05-01.csv in 0ms | Valid: 20 | Invalid: 0
--------------------------------------------------
Finished lidl_2025-05-08.csv in 1ms | Valid: 25 | Invalid: 0
--------------------------------------------------
Finished profi_2025-05-01.csv in 0ms | Valid: 20 | Invalid: 0
--------------------------------------------------
Finished profi_2025-05-08.csv in 1ms | Valid: 25 | Invalid: 0
--------------------------------------------------
Finished kaufland_discounts_2025-05-01.csv in 1ms | Valid: 12 | Invalid: 0
--------------------------------------------------
Finished kaufland_discounts_2025-05-08.csv in 1ms | Valid: 12 | Invalid: 0
--------------------------------------------------
Finished lidl_discounts_2025-05-01.csv in 1ms | Valid: 20 | Invalid: 0
--------------------------------------------------
Finished lidl_discounts_2025-05-08.csv in 1ms | Valid: 13 | Invalid: 0
--------------------------------------------------
Finished profi_discounts_2025-05-01.csv in 1ms | Valid: 10 | Invalid: 0
--------------------------------------------------
Finished profi_discounts_2025-05-08.csv in 1ms | Valid: 13 | Invalid: 0
--------------------------------------------------
Finished kaufland_2025-05-01.csv in 23ms | Valid: 25 | Invalid: 0
--------------------------------------------------
Finished kaufland_2025-05-08.csv in 19ms | Valid: 25 | Invalid: 0
--------------------------------------------------
Finished lidl_2025-05-01.csv in 18ms | Valid: 20 | Invalid: 0
--------------------------------------------------
Finished lidl_2025-05-08.csv in 18ms | Valid: 25 | Invalid: 0
--------------------------------------------------
Finished profi_2025-05-01.csv in 19ms | Valid: 20 | Invalid: 0
--------------------------------------------------
Finished profi_2025-05-08.csv in 19ms | Valid: 25 | Invalid: 0
--------------------------------------------------
Finished kaufland_discounts_2025-05-01.csv in 18ms | Valid: 12 | Invalid: 0
--------------------------------------------------
Finished kaufland_discounts_2025-05-08.csv in 19ms | Valid: 12 | Invalid: 0
--------------------------------------------------
Finished lidl_discounts_2025-05-01.csv in 26ms | Valid: 20 | Invalid: 0
--------------------------------------------------
Finished lidl_discounts_2025-05-08.csv in 21ms | Valid: 13 | Invalid: 0
--------------------------------------------------
Finished profi_discounts_2025-05-01.csv in 24ms | Valid: 10 | Invalid: 0
--------------------------------------------------
Finished profi_discounts_2025-05-08.csv in 18ms | Valid: 13 | Invalid: 0
--------------------------------------------------
Finished kaufland_2025-05-01.csv in 8ms | Valid: 25 | Invalid: 0
--------------------------------------------------
Finished kaufland_2025-05-08.csv in 2ms | Valid: 25 | Invalid: 0
--------------------------------------------------
Finished lidl_2025-05-01.csv in 1ms | Valid: 20 | Invalid: 0
--------------------------------------------------
Finished lidl_2025-05-08.csv in 2ms | Valid: 25 | Invalid: 0
--------------------------------------------------
Finished profi_2025-05-01.csv in 1ms | Valid: 20 | Invalid: 0
--------------------------------------------------
Finished profi_2025-05-08.csv in 1ms | Valid: 25 | Invalid: 0
--------------------------------------------------
Finished kaufland_discounts_2025-05-01.csv in 1ms | Valid: 12 | Invalid: 0
--------------------------------------------------
Finished kaufland_discounts_2025-05-08.csv in 1ms | Valid: 12 | Invalid: 0
--------------------------------------------------
Finished lidl_discounts_2025-05-01.csv in 2ms | Valid: 20 | Invalid: 0
--------------------------------------------------
Finished lidl_discounts_2025-05-08.csv in 1ms | Valid: 13 | Invalid: 0
--------------------------------------------------
Finished profi_discounts_2025-05-01.csv in 2ms | Valid: 10 | Invalid: 0
--------------------------------------------------
Finished profi_discounts_2025-05-08.csv in 1ms | Valid: 13 | Invalid: 0
--------------------------------------------------
Finished kaufland_2025-05-01.csv in 14ms | Valid: 25 | Invalid: 0
--------------------------------------------------
Finished kaufland_2025-05-08.csv in 3ms | Valid: 25 | Invalid: 0
--------------------------------------------------
Finished lidl_2025-05-01.csv in 3ms | Valid: 20 | Invalid: 0
--------------------------------------------------
Finished lidl_2025-05-08.csv in 2ms | Valid: 25 | Invalid: 0
--------------------------------------------------
Finished profi_2025-05-01.csv in 1ms | Valid: 20 | Invalid: 0
--------------------------------------------------
Finished profi_2025-05-08.csv in 9ms | Valid: 25 | Invalid: 0
--------------------------------------------------
Finished kaufland_discounts_2025-05-01.csv in 2ms | Valid: 12 | Invalid: 0
--------------------------------------------------
Finished kaufland_discounts_2025-05-08.csv in 2ms | Valid: 12 | Invalid: 0
--------------------------------------------------
Finished lidl_discounts_2025-05-01.csv in 3ms | Valid: 20 | Invalid: 0
--------------------------------------------------
Finished lidl_discounts_2025-05-08.csv in 1ms | Valid: 13 | Invalid: 0
--------------------------------------------------
Finished profi_discounts_2025-05-01.csv in 2ms | Valid: 10 | Invalid: 0
--------------------------------------------------
Finished profi_discounts_2025-05-08.csv in 2ms | Valid: 13 | Invalid: 0
--------------------------------------------------
Finished kaufland_2025-05-01.csv in 3ms | Valid: 25 | Invalid: 0
--------------------------------------------------
Finished kaufland_2025-05-08.csv in 1ms | Valid: 25 | Invalid: 0
--------------------------------------------------
Finished lidl_2025-05-01.csv in 1ms | Valid: 20 | Invalid: 0
--------------------------------------------------
Finished lidl_2025-05-08.csv in 1ms | Valid: 25 | Invalid: 0
--------------------------------------------------
Finished profi_2025-05-01.csv in 0ms | Valid: 20 | Invalid: 0
--------------------------------------------------
Finished profi_2025-05-08.csv in 1ms | Valid: 25 | Invalid: 0
--------------------------------------------------
Finished kaufland_discounts_2025-05-01.csv in 1ms | Valid: 12 | Invalid: 0
--------------------------------------------------
Finished kaufland_discounts_2025-05-08.csv in 1ms | Valid: 12 | Invalid: 0
--------------------------------------------------
Finished lidl_discounts_2025-05-01.csv in 1ms | Valid: 20 | Invalid: 0
--------------------------------------------------
Finished lidl_discounts_2025-05-08.csv in 1ms | Valid: 13 | Invalid: 0
--------------------------------------------------
Finished profi_discounts_2025-05-01.csv in 1ms | Valid: 10 | Invalid: 0
--------------------------------------------------
Finished profi_discounts_2025-05-08.csv in 1ms | Valid: 13 | Invalid: 0
--------------------------------------------------
Finished kaufland_2025-05-01.csv in 12ms | Valid: 25 | Invalid: 0
--------------------------------------------------
Finished kaufland_2025-05-08.csv in 11ms | Valid: 25 | Invalid: 0
--------------------------------------------------
Finished lidl_2025-05-01.csv in 9ms | Valid: 20 | Invalid: 0
--------------------------------------------------
Finished lidl_2025-05-08.csv in 10ms | Valid: 25 | Invalid: 0
--------------------------------------------------
Finished profi_2025-05-01.csv in 11ms | Valid: 20 | Invalid: 0
--------------------------------------------------
Finished profi_2025-05-08.csv in 11ms | Valid: 25 | Invalid: 0
--------------------------------------------------
Finished kaufland_discounts_2025-05-01.csv in 11ms | Valid: 12 | Invalid: 0
--------------------------------------------------
Finished kaufland_discounts_2025-05-08.csv in 11ms | Valid: 12 | Invalid: 0
--------------------------------------------------
Finished lidl_discounts_2025-05-01.csv in 12ms | Valid: 20 | Invalid: 0
--------------------------------------------------
Finished lidl_discounts_2025-05-08.csv in 11ms | Valid: 13 | Invalid: 0
--------------------------------------------------
Finished profi_discounts_2025-05-01.csv in 10ms | Valid: 10 | Invalid: 0
--------------------------------------------------
Finished profi_discounts_2025-05-08.csv in 12ms | Valid: 13 | Invalid: 0
--------------------------------------------------
Finished kaufland_2025-05-01.csv in 30ms | Valid: 25 | Invalid: 0
--------------------------------------------------
Finished kaufland_2025-05-08.csv in 3ms | Valid: 25 | Invalid: 0
--------------------------------------------------
Finished lidl_2025-05-01.csv in 3ms | Valid: 20 | Invalid: 0
--------------------------------------------------
Finished lidl_2025-05-08.csv in 14ms | Valid: 25 | Invalid: 0
--------------------------------------------------
Finished profi_2025-05-01.csv in 2ms | Valid: 20 | Invalid: 0
--------------------------------------------------
Finished profi_2025-05-08.csv in 1ms | Valid: 25 | Invalid: 0
--------------------------------------------------
Finished kaufland_discounts_2025-05-01.csv in 2ms | Valid: 12 | Invalid: 0
--------------------------------------------------
Finished kaufland_discounts_2025-05-08.csv in 3ms | Valid: 12 | Invalid: 0
--------------------------------------------------
Finished lidl_discounts_2025-05-01.csv in 3ms | Valid: 20 | Invalid: 0
--------------------------------------------------
Finished lidl_discounts_2025-05-08.csv in 3ms | Valid: 13 | Invalid: 0
--------------------------------------------------
Finished profi_discounts_2025-05-01.csv in 2ms | Valid: 10 | Invalid: 0
--------------------------------------------------
Finished profi_discounts_2025-05-08.csv in 2ms | Valid: 13 | Invalid: 0
--------------------------------------------------
Finished kaufland_2025-05-01.csv in 4ms | Valid: 25 | Invalid: 0
--------------------------------------------------
Finished kaufland_2025-05-08.csv in 2ms | Valid: 25 | Invalid: 0
--------------------------------------------------
Finished lidl_2025-05-01.csv in 1ms | Valid: 20 | Invalid: 0
--------------------------------------------------
Finished lidl_2025-05-08.csv in 1ms | Valid: 25 | Invalid: 0
--------------------------------------------------
Finished profi_2025-05-01.csv in 1ms | Valid: 20 | Invalid: 0
--------------------------------------------------
Finished profi_2025-05-08.csv in 1ms | Valid: 25 | Invalid: 0
--------------------------------------------------
Finished kaufland_discounts_2025-05-01.csv in 1ms | Valid: 12 | Invalid: 0
--------------------------------------------------
Finished kaufland_discounts_2025-05-08.csv in 1ms | Valid: 12 | Invalid: 0
--------------------------------------------------
Finished lidl_discounts_2025-05-01.csv in 2ms | Valid: 20 | Invalid: 0
--------------------------------------------------
Finished lidl_discounts_2025-05-08.csv in 1ms | Valid: 13 | Invalid: 0
--------------------------------------------------
Finished profi_discounts_2025-05-01.csv in 1ms | Valid: 10 | Invalid: 0
--------------------------------------------------
Finished profi_discounts_2025-05-08.csv in 1ms | Valid: 13 | Invalid: 0
--------------------------------------------------
Finished kaufland_2025-05-01.csv in 6ms | Valid: 25 | Invalid: 0
--------------------------------------------------
Finished kaufland_2025-05-08.csv in 2ms | Valid: 25 | Invalid: 0
--------------------------------------------------
Finished lidl_2025-05-01.csv in 2ms | Valid: 20 | Invalid: 0
--------------------------------------------------
Finished lidl_2025-05-08.csv in 2ms | Valid: 25 | Invalid: 0
--------------------------------------------------
Finished profi_2025-05-01.csv in 1ms | Valid: 20 | Invalid: 0
--------------------------------------------------
Finished profi_2025-05-08.csv in 1ms | Valid: 25 | Invalid: 0
--------------------------------------------------
Finished kaufland_discounts_2025-05-01.csv in 2ms | Valid: 12 | Invalid: 0
--------------------------------------------------
Finished kaufland_discounts_2025-05-08.csv in 2ms | Valid: 12 | Invalid: 0
--------------------------------------------------
Finished lidl_discounts_2025-05-01.csv in 2ms | Valid: 20 | Invalid: 0
--------------------------------------------------
Finished lidl_discounts_2025-05-08.csv in 1ms | Valid: 13 | Invalid: 0
--------------------------------------------------
Finished profi_discounts_2025-05-01.csv in 2ms | Valid: 10 | Invalid: 0
--------------------------------------------------
Finished profi_discounts_2025-05-08.csv in 2ms | Valid: 13 | Invalid: 0
--------------------------------------------------
Finished kaufland_2025-05-01.csv in 3ms | Valid: 25 | Invalid: 0
--------------------------------------------------
Finished kaufland_2025-05-08.csv in 2ms | Valid: 25 | Invalid: 0
--------------------------------------------------
Finished lidl_2025-05-01.csv in 1ms | Valid: 20 | Invalid: 0
--------------------------------------------------
Finished lidl_2025-05-08.csv in 1ms | Valid: 25 | Invalid: 0
--------------------------------------------------
Finished profi_2025-05-01.csv in 1ms | Valid: 20 | Invalid: 0
--------------------------------------------------
Finished profi_2025-05-08.csv in 2ms | Valid: 25 | Invalid: 0
--------------------------------------------------
Finished kaufland_discounts_2025-05-01.csv in 2ms | Valid: 12 | Invalid: 0
--------------------------------------------------
Finished kaufland_discounts_2025-05-08.csv in 1ms | Valid: 12 | Invalid: 0
--------------------------------------------------
Finished lidl_discounts_2025-05-01.csv in 2ms | Valid: 20 | Invalid: 0
--------------------------------------------------
Finished lidl_discounts_2025-05-08.csv in 1ms | Valid: 13 | Invalid: 0
--------------------------------------------------
Finished profi_discounts_2025-05-01.csv in 1ms | Valid: 10 | Invalid: 0
--------------------------------------------------
Finished profi_discounts_2025-05-08.csv in 1ms | Valid: 13 | Invalid: 0
--------------------------------------------------
Finished kaufland_2025-05-01.csv in 2ms | Valid: 25 | Invalid: 0
--------------------------------------------------
Finished kaufland_2025-05-08.csv in 1ms | Valid: 25 | Invalid: 0
--------------------------------------------------
Finished lidl_2025-05-01.csv in 1ms | Valid: 20 | Invalid: 0
--------------------------------------------------
Finished lidl_2025-05-08.csv in 0ms | Valid: 25 | Invalid: 0
--------------------------------------------------
Finished profi_2025-05-01.csv in 0ms | Valid: 20 | Invalid: 0
--------------------------------------------------
Finished profi_2025-05-08.csv in 1ms | Valid: 25 | Invalid: 0
--------------------------------------------------
Finished kaufland_discounts_2025-05-01.csv in 1ms | Valid: 12 | Invalid: 0
--------------------------------------------------
Finished kaufland_discounts_2025-05-08.csv in 1ms | Valid: 12 | Invalid: 0
--------------------------------------------------
Finished lidl_discounts_2025-05-01.csv in 2ms | Valid: 20 | Invalid: 0
--------------------------------------------------
Finished lidl_discounts_2025-05-08.csv in 1ms | Valid: 13 | Invalid: 0
--------------------------------------------------
Finished profi_discounts_2025-05-01.csv in 1ms | Valid: 10 | Invalid: 0
--------------------------------------------------
Finished profi_discounts_2025-05-08.csv in 1ms | Valid: 13 | Invalid: 0
--------------------------------------------------
Finished kaufland_2025-05-01.csv in 8ms | Valid: 25 | Invalid: 0
--------------------------------------------------
Finished kaufland_2025-05-08.csv in 1ms | Valid: 25 | Invalid: 0
--------------------------------------------------
Finished lidl_2025-05-01.csv in 0ms | Valid: 20 | Invalid: 0
--------------------------------------------------
Finished lidl_2025-05-08.csv in 1ms | Valid: 25 | Invalid: 0
--------------------------------------------------
Finished profi_2025-05-01.csv in 1ms | Valid: 20 | Invalid: 0
--------------------------------------------------
Finished profi_2025-05-08.csv in 1ms | Valid: 25 | Invalid: 0
--------------------------------------------------
Finished kaufland_discounts_2025-05-01.csv in 2ms | Valid: 12 | Invalid: 0
--------------------------------------------------
Finished kaufland_discounts_2025-05-08.csv in 1ms | Valid: 12 | Invalid: 0
--------------------------------------------------
Finished lidl_discounts_2025-05-01.csv in 2ms | Valid: 20 | Invalid: 0
--------------------------------------------------
Finished lidl_discounts_2025-05-08.csv in 1ms | Valid: 13 | Invalid: 0
--------------------------------------------------
Finished profi_discounts_2025-05-01.csv in 1ms | Valid: 10 | Invalid: 0
--------------------------------------------------
Finished profi_discounts_2025-05-08.csv in 1ms | Valid: 13 | Invalid: 0
--------------------------------------------------
Finished kaufland_2025-05-01.csv in 5ms | Valid: 25 | Invalid: 0
--------------------------------------------------
Finished kaufland_2025-05-08.csv in 1ms | Valid: 25 | Invalid: 0
--------------------------------------------------
Finished lidl_2025-05-01.csv in 0ms | Valid: 20 | Invalid: 0
--------------------------------------------------
Finished lidl_2025-05-08.csv in 1ms | Valid: 25 | Invalid: 0
--------------------------------------------------
Finished profi_2025-05-01.csv in 1ms | Valid: 20 | Invalid: 0
--------------------------------------------------
Finished profi_2025-05-08.csv in 0ms | Valid: 25 | Invalid: 0
--------------------------------------------------
Finished kaufland_discounts_2025-05-01.csv in 1ms | Valid: 12 | Invalid: 0
--------------------------------------------------
Finished kaufland_discounts_2025-05-08.csv in 1ms | Valid: 12 | Invalid: 0
--------------------------------------------------
Finished lidl_discounts_2025-05-01.csv in 1ms | Valid: 20 | Invalid: 0
--------------------------------------------------
Finished lidl_discounts_2025-05-08.csv in 1ms | Valid: 13 | Invalid: 0
--------------------------------------------------
Finished profi_discounts_2025-05-01.csv in 1ms | Valid: 10 | Invalid: 0
--------------------------------------------------
Finished profi_discounts_2025-05-08.csv in 1ms | Valid: 13 | Invalid: 0
--------------------------------------------------
Finished kaufland_2025-05-01.csv in 5ms | Valid: 25 | Invalid: 0
--------------------------------------------------
Finished kaufland_2025-05-08.csv in 2ms | Valid: 25 | Invalid: 0
--------------------------------------------------
Finished lidl_2025-05-01.csv in 1ms | Valid: 20 | Invalid: 0
--------------------------------------------------
Finished lidl_2025-05-08.csv in 1ms | Valid: 25 | Invalid: 0
--------------------------------------------------
Finished profi_2025-05-01.csv in 1ms | Valid: 20 | Invalid: 0
--------------------------------------------------
Finished profi_2025-05-08.csv in 1ms | Valid: 25 | Invalid: 0
--------------------------------------------------
Finished kaufland_discounts_2025-05-01.csv in 2ms | Valid: 12 | Invalid: 0
--------------------------------------------------
Finished kaufland_discounts_2025-05-08.csv in 2ms | Valid: 12 | Invalid: 0
--------------------------------------------------
Finished lidl_discounts_2025-05-01.csv in 2ms | Valid: 20 | Invalid: 0
--------------------------------------------------
Finished lidl_discounts_2025-05-08.csv in 1ms | Valid: 13 | Invalid: 0
--------------------------------------------------
Finished profi_discounts_2025-05-01.csv in 1ms | Valid: 10 | Invalid: 0
--------------------------------------------------
Finished profi_discounts_2025-05-08.csv in 1ms | Valid: 13 | Invalid: 0
--------------------------------------------------
Finished kaufland_2025-05-01.csv in 4ms | Valid: 25 | Invalid: 0
--------------------------------------------------
Finished kaufland_2025-05-08.csv in 2ms | Valid: 25 | Invalid: 0
--------------------------------------------------
Finished lidl_2025-05-01.csv in 1ms | Valid: 20 | Invalid: 0
--------------------------------------------------
Finished lidl_2025-05-08.csv in 1ms | Valid: 25 | Invalid: 0
--------------------------------------------------
Finished profi_2025-05-01.csv in 1ms | Valid: 20 | Invalid: 0
--------------------------------------------------
Finished profi_2025-05-08.csv in 1ms | Valid: 25 | Invalid: 0
--------------------------------------------------
Finished kaufland_discounts_2025-05-01.csv in 1ms | Valid: 12 | Invalid: 0
--------------------------------------------------
Finished kaufland_discounts_2025-05-08.csv in 1ms | Valid: 12 | Invalid: 0
--------------------------------------------------
Finished lidl_discounts_2025-05-01.csv in 1ms | Valid: 20 | Invalid: 0
--------------------------------------------------
Finished lidl_discounts_2025-05-08.csv in 1ms | Valid: 13 | Invalid: 0
--------------------------------------------------
Finished profi_discounts_2025-05-01.csv in 1ms | Valid: 10 | Invalid: 0
--------------------------------------------------
Finished profi_discounts_2025-05-08.csv in 1ms | Valid: 13 | Invalid: 0
--------------------------------------------------
Finished kaufland_2025-05-01.csv in 3ms | Valid: 25 | Invalid: 0
--------------------------------------------------
Finished kaufland_2025-05-08.csv in 1ms | Valid: 25 | Invalid: 0
--------------------------------------------------
Finished lidl_2025-05-01.csv in 1ms | Valid: 20 | Invalid: 0
--------------------------------------------------
Finished lidl_2025-05-08.csv in 0ms | Valid: 25 | Invalid: 0
--------------------------------------------------
Finished profi_2025-05-01.csv in 1ms | Valid: 20 | Invalid: 0
--------------------------------------------------
Finished profi_2025-05-08.csv in 1ms | Valid: 25 | Invalid: 0
--------------------------------------------------
Finished kaufland_discounts_2025-05-01.csv in 1ms | Valid: 12 | Invalid: 0
--------------------------------------------------
Finished kaufland_discounts_2025-05-08.csv in 1ms | Valid: 12 | Invalid: 0
--------------------------------------------------
Finished lidl_discounts_2025-05-01.csv in 2ms | Valid: 20 | Invalid: 0
--------------------------------------------------
Finished lidl_discounts_2025-05-08.csv in 0ms | Valid: 13 | Invalid: 0
--------------------------------------------------
Finished profi_discounts_2025-05-01.csv in 1ms | Valid: 10 | Invalid: 0
--------------------------------------------------
Finished profi_discounts_2025-05-08.csv in 1ms | Valid: 13 | Invalid: 0
--------------------------------------------------
Finished kaufland_2025-05-01.csv in 3ms | Valid: 25 | Invalid: 0
--------------------------------------------------
Finished kaufland_2025-05-08.csv in 1ms | Valid: 25 | Invalid: 0
--------------------------------------------------
Finished lidl_2025-05-01.csv in 0ms | Valid: 20 | Invalid: 0
--------------------------------------------------
Finished lidl_2025-05-08.csv in 1ms | Valid: 25 | Invalid: 0
--------------------------------------------------
Finished profi_2025-05-01.csv in 1ms | Valid: 20 | Invalid: 0
--------------------------------------------------
Finished profi_2025-05-08.csv in 1ms | Valid: 25 | Invalid: 0
--------------------------------------------------
Finished kaufland_discounts_2025-05-01.csv in 1ms | Valid: 12 | Invalid: 0
--------------------------------------------------
Finished kaufland_discounts_2025-05-08.csv in 2ms | Valid: 12 | Invalid: 0
--------------------------------------------------
Finished lidl_discounts_2025-05-01.csv in 2ms | Valid: 20 | Invalid: 0
--------------------------------------------------
Finished lidl_discounts_2025-05-08.csv in 0ms | Valid: 13 | Invalid: 0
--------------------------------------------------
Finished profi_discounts_2025-05-01.csv in 1ms | Valid: 10 | Invalid: 0
--------------------------------------------------
Finished profi_discounts_2025-05-08.csv in 1ms | Valid: 13 | Invalid: 0
--------------------------------------------------
Finished kaufland_2025-05-01.csv in 3ms | Valid: 25 | Invalid: 0
--------------------------------------------------
Finished kaufland_2025-05-08.csv in 1ms | Valid: 25 | Invalid: 0
--------------------------------------------------
Finished lidl_2025-05-01.csv in 1ms | Valid: 20 | Invalid: 0
--------------------------------------------------
Finished lidl_2025-05-08.csv in 0ms | Valid: 25 | Invalid: 0
--------------------------------------------------
Finished profi_2025-05-01.csv in 1ms | Valid: 20 | Invalid: 0
--------------------------------------------------
Finished profi_2025-05-08.csv in 1ms | Valid: 25 | Invalid: 0
--------------------------------------------------
Finished kaufland_discounts_2025-05-01.csv in 2ms | Valid: 12 | Invalid: 0
--------------------------------------------------
Finished kaufland_discounts_2025-05-08.csv in 25ms | Valid: 12 | Invalid: 0
--------------------------------------------------
Finished lidl_discounts_2025-05-01.csv in 2ms | Valid: 20 | Invalid: 0
--------------------------------------------------
Finished lidl_discounts_2025-05-08.csv in 1ms | Valid: 13 | Invalid: 0
--------------------------------------------------
Finished profi_discounts_2025-05-01.csv in 2ms | Valid: 10 | Invalid: 0
--------------------------------------------------
Finished profi_discounts_2025-05-08.csv in 28ms | Valid: 13 | Invalid: 0
--------------------------------------------------
Finished kaufland_2025-05-01.csv in 21ms | Valid: 25 | Invalid: 0
--------------------------------------------------
Finished kaufland_2025-05-08.csv in 17ms | Valid: 25 | Invalid: 0
--------------------------------------------------
Finished lidl_2025-05-01.csv in 14ms | Valid: 20 | Invalid: 0
--------------------------------------------------
Finished lidl_2025-05-08.csv in 15ms | Valid: 25 | Invalid: 0
--------------------------------------------------
Finished profi_2025-05-01.csv in 11ms | Valid: 20 | Invalid: 0
--------------------------------------------------
Finished profi_2025-05-08.csv in 12ms | Valid: 25 | Invalid: 0
--------------------------------------------------
Finished kaufland_discounts_2025-05-01.csv in 17ms | Valid: 12 | Invalid: 0
--------------------------------------------------
Finished kaufland_discounts_2025-05-08.csv in 14ms | Valid: 12 | Invalid: 0
--------------------------------------------------
Finished lidl_discounts_2025-05-01.csv in 17ms | Valid: 20 | Invalid: 0
--------------------------------------------------
Finished lidl_discounts_2025-05-08.csv in 13ms | Valid: 13 | Invalid: 0
--------------------------------------------------
Finished profi_discounts_2025-05-01.csv in 10ms | Valid: 10 | Invalid: 0
--------------------------------------------------
Finished profi_discounts_2025-05-08.csv in 12ms | Valid: 13 | Invalid: 0
--------------------------------------------------
